scanner-app/app/build/intermediates/manifest_merge_blame_file/debug/processDebugMainManifest/manifest-merger-blame-debug-report.txt
1<?xml version="1.0" encoding="utf-8"?>
2<manifest xmlns:android="http://schemas.android.com/apk/res/android"
3    package="de.cratedesk.scanner"
4    android:versionCode="1"
5    android:versionName="1.0.0" >
6
7    <uses-sdk
8        android:minSdkVersion="28"
9        android:targetSdkVersion="35" />
10
11    <uses-permission android:name="android.permission.INTERNET" />
11-->src\main\AndroidManifest.xml:4:5-67
11-->src\main\AndroidManifest.xml:4:22-64
12    <uses-permission android:name="android.permission.CAMERA" />
12-->src\main\AndroidManifest.xml:5:5-65
12-->src\main\AndroidManifest.xml:5:22-62
13    <uses-permission android:name="android.permission.VIBRATE" />
13-->src\main\AndroidManifest.xml:6:5-66
13-->src\main\AndroidManifest.xml:6:22-63
14    <uses-permission android:name="android.permission.ACCESS_FINE_LOCATION" />
14-->src\main\AndroidManifest.xml:7:5-79
14-->src\main\AndroidManifest.xml:7:22-76
15    <uses-permission android:name="android.permission.ACCESS_COARSE_LOCATION" />
15-->src\main\AndroidManifest.xml:8:5-81
15-->src\main\AndroidManifest.xml:8:22-78
16
17    <permission
17-->[androidx.core:core:1.15.0] AndroidManifest.xml:22:5-24:47
18        android:name="de.cratedesk.scanner.DYNAMIC_RECEIVER_NOT_EXPORTED_PERMISSION"
18-->[androidx.core:core:1.15.0] AndroidManifest.xml:23:9-81
19        android:protectionLevel="signature" />
19-->[androidx.core:core:1.15.0] AndroidManifest.xml:24:9-44
20
21    <uses-permission android:name="de.cratedesk.scanner.DYNAMIC_RECEIVER_NOT_EXPORTED_PERMISSION" /> <!-- Although the *SdkVersion is captured in gradle build files, this is required for non gradle builds -->
21-->[androidx.core:core:1.15.0] AndroidManifest.xml:26:5-97
21-->[androidx.core:core:1.15.0] AndroidManifest.xml:26:22-94
22    <!-- <uses-sdk android:minSdkVersion="14"/> -->
23    <uses-permission android:name="android.permission.ACCESS_NETWORK_STATE" />
23-->[com.google.android.datatransport:transport-backend-cct:2.3.3] AndroidManifest.xml:25:5-79
23-->[com.google.android.datatransport:transport-backend-cct:2.3.3] AndroidManifest.xml:25:22-76
24
25    <application
25-->src\main\AndroidManifest.xml:10:5-27:19
26        android:name="de.cratedesk.scanner.CrateDeskApp"
26-->src\main\AndroidManifest.xml:11:9-37
27        android:allowBackup="true"
27-->src\main\AndroidManifest.xml:12:9-35
28        android:appComponentFactory="androidx.core.app.CoreComponentFactory"
28-->[androidx.core:core:1.15.0] AndroidManifest.xml:28:18-86
29        android:debuggable="true"
30        android:extractNativeLibs="false"
31        android:icon="@mipmap/ic_launcher"
31-->src\main\AndroidManifest.xml:13:9-43
32        android:label="CrateDesk Scanner"
32-->src\main\AndroidManifest.xml:14:9-42
33        android:supportsRtl="true"
33-->src\main\AndroidManifest.xml:15:9-35
34        android:theme="@style/Theme.CrateDeskScanner" >
34-->src\main\AndroidManifest.xml:16:9-54
35        <activity
35-->src\main\AndroidManifest.xml:18:9-26:20
36            android:name="de.cratedesk.scanner.ui.MainActivity"
36-->src\main\AndroidManifest.xml:19:13-44
37            android:exported="true"
37-->src\main\AndroidManifest.xml:20:13-36
38            android:theme="@style/Theme.CrateDeskScanner" >
38-->src\main\AndroidManifest.xml:21:13-58
39            <intent-filter>
39-->src\main\AndroidManifest.xml:22:13-25:29
40                <action android:name="android.intent.action.MAIN" />
40-->src\main\AndroidManifest.xml:23:17-69
40-->src\main\AndroidManifest.xml:23:25-66
41
42                <category android:name="android.intent.category.LAUNCHER" />
42-->src\main\AndroidManifest.xml:24:17-77
42-->src\main\AndroidManifest.xml:24:27-74
43            </intent-filter>
44        </activity>
45
46        <service
46-->[com.google.android.gms:play-services-mlkit-barcode-scanning:18.3.1] AndroidManifest.xml:9:9-15:19
47            android:name="com.google.mlkit.common.internal.MlKitComponentDiscoveryService"
47-->[com.google.android.gms:play-services-mlkit-barcode-scanning:18.3.1] AndroidManifest.xml:10:13-91
48            android:directBootAware="true"
48-->[com.google.mlkit:common:18.11.0] AndroidManifest.xml:17:13-43
49            android:exported="false" >
49-->[com.google.android.gms:play-services-mlkit-barcode-scanning:18.3.1] AndroidManifest.xml:11:13-37
50            <meta-data
50-->[com.google.android.gms:play-services-mlkit-barcode-scanning:18.3.1] AndroidManifest.xml:12:13-14:85
51                android:name="com.google.firebase.components:com.google.mlkit.vision.barcode.internal.BarcodeRegistrar"
51-->[com.google.android.gms:play-services-mlkit-barcode-scanning:18.3.1] AndroidManifest.xml:13:17-120
52                android:value="com.google.firebase.components.ComponentRegistrar" />
52-->[com.google.android.gms:play-services-mlkit-barcode-scanning:18.3.1] AndroidManifest.xml:14:17-82
53            <meta-data
53-->[com.google.mlkit:vision-common:17.3.0] AndroidManifest.xml:12:13-14:85
54                android:name="com.google.firebase.components:com.google.mlkit.vision.common.internal.VisionCommonRegistrar"
54-->[com.google.mlkit:vision-common:17.3.0] AndroidManifest.xml:13:17-124
55                android:value="com.google.firebase.components.ComponentRegistrar" />
55-->[com.google.mlkit:vision-common:17.3.0] AndroidManifest.xml:14:17-82
56            <meta-data
56-->[com.google.mlkit:common:18.11.0] AndroidManifest.xml:20:13-22:85
57                android:name="com.google.firebase.components:com.google.mlkit.common.internal.CommonComponentRegistrar"
57-->[com.google.mlkit:common:18.11.0] AndroidManifest.xml:21:17-120
58                android:value="com.google.firebase.components.ComponentRegistrar" />
58-->[com.google.mlkit:common:18.11.0] AndroidManifest.xml:22:17-82
59        </service>
60
61        <provider
61-->[com.google.mlkit:common:18.11.0] AndroidManifest.xml:9:9-13:38
62            android:name="com.google.mlkit.common.internal.MlKitInitProvider"
62-->[com.google.mlkit:common:18.11.0] AndroidManifest.xml:10:13-78
63            android:authorities="de.cratedesk.scanner.mlkitinitprovider"
63-->[com.google.mlkit:common:18.11.0] AndroidManifest.xml:11:13-69
64            android:exported="false"
64-->[com.google.mlkit:common:18.11.0] AndroidManifest.xml:12:13-37
65            android:initOrder="99" />
65-->[com.google.mlkit:common:18.11.0] AndroidManifest.xml:13:13-35
66
67        <activity
67-->[com.google.android.gms:play-services-base:18.5.0] AndroidManifest.xml:5:9-173
68            android:name="com.google.android.gms.common.api.GoogleApiActivity"
68-->[com.google.android.gms:play-services-base:18.5.0] AndroidManifest.xml:5:19-85
69            android:exported="false"
69-->[com.google.android.gms:play-services-base:18.5.0] AndroidManifest.xml:5:146-170
70            android:theme="@android:style/Theme.Translucent.NoTitleBar" />
70-->[com.google.android.gms:play-services-base:18.5.0] AndroidManifest.xml:5:86-145
71
72        <meta-data
72-->[com.google.android.gms:play-services-basement:18.4.0] AndroidManifest.xml:6:9-122
73            android:name="com.google.android.gms.version"
73-->[com.google.android.gms:play-services-basement:18.4.0] AndroidManifest.xml:6:20-65
74            android:value="@integer/google_play_services_version" />
74-->[com.google.android.gms:play-services-basement:18.4.0] AndroidManifest.xml:6:66-119
75        <!--
76        Service for holding metadata. Cannot be instantiated.
77        Metadata will be merged from other manifests.
78        -->
79        <service
79-->[androidx.camera:camera-core:1.4.1] AndroidManifest.xml:29:9-33:78
80            android:name="androidx.camera.core.impl.MetadataHolderService"
80-->[androidx.camera:camera-core:1.4.1] AndroidManifest.xml:30:13-75
81            android:enabled="false"
81-->[androidx.camera:camera-core:1.4.1] AndroidManifest.xml:31:13-36
82            android:exported="false" >
82-->[androidx.camera:camera-core:1.4.1] AndroidManifest.xml:32:13-37
83            <meta-data
83-->[androidx.camera:camera-camera2:1.4.1] AndroidManifest.xml:30:13-32:89
84                android:name="androidx.camera.core.impl.MetadataHolderService.DEFAULT_CONFIG_PROVIDER"
84-->[androidx.camera:camera-camera2:1.4.1] AndroidManifest.xml:31:17-103
85                android:value="androidx.camera.camera2.Camera2Config$DefaultProvider" />
85-->[androidx.camera:camera-camera2:1.4.1] AndroidManifest.xml:32:17-86
86        </service>
87
88        <activity
88-->[androidx.compose.ui:ui-tooling-android:1.7.6] AndroidManifest.xml:23:9-25:39
89            android:name="androidx.compose.ui.tooling.PreviewActivity"
89-->[androidx.compose.ui:ui-tooling-android:1.7.6] AndroidManifest.xml:24:13-71
90            android:exported="true" />
90-->[androidx.compose.ui:ui-tooling-android:1.7.6] AndroidManifest.xml:25:13-36
91
92        <provider
92-->[androidx.emoji2:emoji2:1.3.0] AndroidManifest.xml:24:9-32:20
93            android:name="androidx.startup.InitializationProvider"
93-->[androidx.emoji2:emoji2:1.3.0] AndroidManifest.xml:25:13-67
94            android:authorities="de.cratedesk.scanner.androidx-startup"
94-->[androidx.emoji2:emoji2:1.3.0] AndroidManifest.xml:26:13-68
95            android:exported="false" >
95-->[androidx.emoji2:emoji2:1.3.0] AndroidManifest.xml:27:13-37
96            <meta-data
96-->[androidx.emoji2:emoji2:1.3.0] AndroidManifest.xml:29:13-31:52
97                android:name="androidx.emoji2.text.EmojiCompatInitializer"
97-->[androidx.emoji2:emoji2:1.3.0] AndroidManifest.xml:30:17-75
98                android:value="androidx.startup" />
98-->[androidx.emoji2:emoji2:1.3.0] AndroidManifest.xml:31:17-49
99            <meta-data
99-->[androidx.lifecycle:lifecycle-process:2.8.7] AndroidManifest.xml:29:13-31:52
100                android:name="androidx.lifecycle.ProcessLifecycleInitializer"
100-->[androidx.lifecycle:lifecycle-process:2.8.7] AndroidManifest.xml:30:17-78
101                android:value="androidx.startup" />
101-->[androidx.lifecycle:lifecycle-process:2.8.7] AndroidManifest.xml:31:17-49
102            <meta-data
102-->[androidx.profileinstaller:profileinstaller:1.3.1] AndroidManifest.xml:29:13-31:52
103                android:name="androidx.profileinstaller.ProfileInstallerInitializer"
103-->[androidx.profileinstaller:profileinstaller:1.3.1] AndroidManifest.xml:30:17-85
104                android:value="androidx.startup" />
104-->[androidx.profileinstaller:profileinstaller:1.3.1] AndroidManifest.xml:31:17-49
105        </provider>
106
107        <service
107-->[androidx.room:room-runtime:2.6.1] AndroidManifest.xml:24:9-28:63
108            android:name="androidx.room.MultiInstanceInvalidationService"
108-->[androidx.room:room-runtime:2.6.1] AndroidManifest.xml:25:13-74
109            android:directBootAware="true"
109-->[androidx.room:room-runtime:2.6.1] AndroidManifest.xml:26:13-43
110            android:exported="false" />
110-->[androidx.room:room-runtime:2.6.1] AndroidManifest.xml:27:13-37
111
112        <receiver
112-->[androidx.profileinstaller:profileinstaller:1.3.1] AndroidManifest.xml:34:9-52:20
113            android:name="androidx.profileinstaller.ProfileInstallReceiver"
113-->[androidx.profileinstaller:profileinstaller:1.3.1] AndroidManifest.xml:35:13-76
114            android:directBootAware="false"
114-->[androidx.profileinstaller:profileinstaller:1.3.1] AndroidManifest.xml:36:13-44
115            android:enabled="true"
115-->[androidx.profileinstaller:profileinstaller:1.3.1] AndroidManifest.xml:37:13-35
116            android:exported="true"
116-->[androidx.profileinstaller:profileinstaller:1.3.1] AndroidManifest.xml:38:13-36
117            android:permission="android.permission.DUMP" >
117-->[androidx.profileinstaller:profileinstaller:1.3.1] AndroidManifest.xml:39:13-57
118            <intent-filter>
118-->[androidx.profileinstaller:profileinstaller:1.3.1] AndroidManifest.xml:40:13-42:29
119                <action android:name="androidx.profileinstaller.action.INSTALL_PROFILE" />
119-->[androidx.profileinstaller:profileinstaller:1.3.1] AndroidManifest.xml:41:17-91
119-->[androidx.profileinstaller:profileinstaller:1.3.1] AndroidManifest.xml:41:25-88
120            </intent-filter>
121            <intent-filter>
121-->[androidx.profileinstaller:profileinstaller:1.3.1] AndroidManifest.xml:43:13-45:29
122                <action android:name="androidx.profileinstaller.action.SKIP_FILE" />
122-->[androidx.profileinstaller:profileinstaller:1.3.1] AndroidManifest.xml:44:17-85
122-->[androidx.profileinstaller:profileinstaller:1.3.1] AndroidManifest.xml:44:25-82
123            </intent-filter>
124            <intent-filter>
124-->[androidx.profileinstaller:profileinstaller:1.3.1] AndroidManifest.xml:46:13-48:29
125                <action android:name="androidx.profileinstaller.action.SAVE_PROFILE" />
125-->[androidx.profileinstaller:profileinstaller:1.3.1] AndroidManifest.xml:47:17-88
125-->[androidx.profileinstaller:profileinstaller:1.3.1] AndroidManifest.xml:47:25-85
126            </intent-filter>
127            <intent-filter>
127-->[androidx.profileinstaller:profileinstaller:1.3.1] AndroidManifest.xml:49:13-51:29
128                <action android:name="androidx.profileinstaller.action.BENCHMARK_OPERATION" />
128-->[androidx.profileinstaller:profileinstaller:1.3.1] AndroidManifest.xml:50:17-95
128-->[androidx.profileinstaller:profileinstaller:1.3.1] AndroidManifest.xml:50:25-92
129            </intent-filter>
130        </receiver>
131
132        <service
132-->[com.google.android.datatransport:transport-backend-cct:2.3.3] AndroidManifest.xml:29:9-35:19
133            android:name="com.google.android.datatransport.runtime.backends.TransportBackendDiscovery"
133-->[com.google.android.datatransport:transport-backend-cct:2.3.3] AndroidManifest.xml:30:13-103
134            android:exported="false" >
134-->[com.google.android.datatransport:transport-backend-cct:2.3.3] AndroidManifest.xml:31:13-37
135            <meta-data
135-->[com.google.android.datatransport:transport-backend-cct:2.3.3] AndroidManifest.xml:32:13-34:39
136                android:name="backend:com.google.android.datatransport.cct.CctBackendFactory"
136-->[com.google.android.datatransport:transport-backend-cct:2.3.3] AndroidManifest.xml:33:17-94
137                android:value="cct" />
137-->[com.google.android.datatransport:transport-backend-cct:2.3.3] AndroidManifest.xml:34:17-36
138        </service>
139        <service
139-->[com.google.android.datatransport:transport-runtime:2.2.6] AndroidManifest.xml:26:9-30:19
140            android:name="com.google.android.datatransport.runtime.scheduling.jobscheduling.JobInfoSchedulerService"
140-->[com.google.android.datatransport:transport-runtime:2.2.6] AndroidManifest.xml:27:13-117
141            android:exported="false"
141-->[com.google.android.datatransport:transport-runtime:2.2.6] AndroidManifest.xml:28:13-37
142            android:permission="android.permission.BIND_JOB_SERVICE" >
142-->[com.google.android.datatransport:transport-runtime:2.2.6] AndroidManifest.xml:29:13-69
143        </service>
144
145        <receiver
145-->[com.google.android.datatransport:transport-runtime:2.2.6] AndroidManifest.xml:32:9-34:40
146            android:name="com.google.android.datatransport.runtime.scheduling.jobscheduling.AlarmManagerSchedulerBroadcastReceiver"
146-->[com.google.android.datatransport:transport-runtime:2.2.6] AndroidManifest.xml:33:13-132
147            android:exported="false" />
147-->[com.google.android.datatransport:transport-runtime:2.2.6] AndroidManifest.xml:34:13-37
148    </application>
149
150</manifest>